#
# There is insufficient memory for the Java Runtime Environment to continue.
# Native memory allocation (malloc) failed to allocate 1671536 bytes for Chunk::new
# Possible reasons:
#   The system is out of physical RAM or swap space
#   The process is running with CompressedOops enabled, and the Java Heap may be blocking the growth of the native heap
# Possible solutions:
#   Reduce memory load on the system
#   Increase physical memory or swap space
#   Check if swap backing store is full
#   Decrease Java heap size (-Xmx/-Xms)
#   Decrease number of Java threads
#   Decrease Java thread stack sizes (-Xss)
#   Set larger code cache with -XX:ReservedCodeCacheSize=
#   JVM is running with Zero Based Compressed Oops mode in which the Java heap is
#     placed in the first 32GB address space. The Java Heap base address is the
#     maximum limit for the native heap growth. Please use -XX:HeapBaseMinAddress
#     to set the Java Heap base and to place the Java Heap above 32GB virtual address.
# This output file may be truncated or incomplete.
#
#  Out of Memory Error (./src/hotspot/share/memory/arena.cpp:197), pid=33232, tid=32796
#
# JRE version: OpenJDK Runtime Environment (11.0.12+7) (build 11.0.12+7-b1504.28-7817840)
# Java VM: OpenJDK 64-Bit Server VM (11.0.12+7-b1504.28-7817840, mixed mode, tiered, compressed oops, g1 gc, windows-amd64)
# No core dump will be written. Minidumps are not enabled by default on client versions of Windows
#

---------------  S U M M A R Y ------------

Command Line: org.jetbrains.kotlin.cli.jvm.K2JVMCompiler @D:\americo\AndroidStudioProjects\APPDEV.COM22\Operations\app\build\20230227_11415421669774785840.compiler.options

Host: AMD Ryzen 5 5600G with Radeon Graphics         , 12 cores, 31G,  Windows 10 , 64 bit Build 22621 (10.0.22621.1194)
Time: Mon Feb 27 00:02:51 2023 GMT Standard Time elapsed time: 1.729108 seconds (0d 0h 0m 1s)

---------------  T H R E A D  ---------------

Current thread (0x0000022f90418800):  JavaThread "C2 CompilerThread2" daemon [_thread_in_native, id=32796, stack(0x000000bdd6100000,0x000000bdd6200000)]


Current CompileTask:
C2:   1729 2953   !   4       jdk.internal.loader.BuiltinClassLoader::findClassOnClassPathOrNull (64 bytes)

Stack: [0x000000bdd6100000,0x000000bdd6200000]
Native frames: (J=compiled Java code, j=interpreted, Vv=VM code, C=native code)
V  [jvm.dll+0x5fbcea]
V  [jvm.dll+0x731905]
V  [jvm.dll+0x732f1d]
V  [jvm.dll+0x7335d3]
V  [jvm.dll+0x247bf8]
V  [jvm.dll+0xc018c]
V  [jvm.dll+0xc06cc]
V  [jvm.dll+0x35b31d]
V  [jvm.dll+0x328803]
V  [jvm.dll+0x327cfa]
V  [jvm.dll+0x200602]
V  [jvm.dll+0x1ff794]
V  [jvm.dll+0x18868c]
V  [jvm.dll+0x20e0d7]
V  [jvm.dll+0x20c901]
V  [jvm.dll+0x6f9b7f]
V  [jvm.dll+0x6f26a5]
V  [jvm.dll+0x5fabf6]
C  [ucrtbase.dll+0x29363]
C  [KERNEL32.DLL+0x126bd]
C  [ntdll.dll+0x5dfb8]


---------------  P R O C E S S  ---------------

Threads class SMR info:
_java_thread_list=0x0000022f904219c0, length=12, elements={
0x0000022fe78f4000, 0x0000022f90244000, 0x0000022f9024f000, 0x0000022f90266000,
0x0000022f90267000, 0x0000022f90268800, 0x0000022f902b0800, 0x0000022f902b4800,
0x0000022f902b7800, 0x0000022f9041c800, 0x0000022f9041a800, 0x0000022f90418800
}

Java Threads: ( => current thread )
  0x0000022fe78f4000 JavaThread "main" [_thread_in_vm, id=22576, stack(0x000000bdd4f00000,0x000000bdd5000000)]
  0x0000022f90244000 JavaThread "Reference Handler" daemon [_thread_blocked, id=29300, stack(0x000000bdd5600000,0x000000bdd5700000)]
  0x0000022f9024f000 JavaThread "Finalizer" daemon [_thread_blocked, id=26744, stack(0x000000bdd5700000,0x000000bdd5800000)]
  0x0000022f90266000 JavaThread "Signal Dispatcher" daemon [_thread_blocked, id=16052, stack(0x000000bdd5800000,0x000000bdd5900000)]
  0x0000022f90267000 JavaThread "Attach Listener" daemon [_thread_blocked, id=27800, stack(0x000000bdd5900000,0x000000bdd5a00000)]
  0x0000022f90268800 JavaThread "Service Thread" daemon [_thread_blocked, id=27072, stack(0x000000bdd5a00000,0x000000bdd5b00000)]
  0x0000022f902b0800 JavaThread "C2 CompilerThread0" daemon [_thread_in_native, id=20232, stack(0x000000bdd5b00000,0x000000bdd5c00000)]
  0x0000022f902b4800 JavaThread "C1 CompilerThread0" daemon [_thread_blocked, id=9560, stack(0x000000bdd5c00000,0x000000bdd5d00000)]
  0x0000022f902b7800 JavaThread "Sweeper thread" daemon [_thread_blocked, id=7404, stack(0x000000bdd5d00000,0x000000bdd5e00000)]
  0x0000022f9041c800 JavaThread "Common-Cleaner" daemon [_thread_blocked, id=31768, stack(0x000000bdd5f00000,0x000000bdd6000000)]
  0x0000022f9041a800 JavaThread "C2 CompilerThread1" daemon [_thread_in_native, id=3112, stack(0x000000bdd6000000,0x000000bdd6100000)]
=>0x0000022f90418800 JavaThread "C2 CompilerThread2" daemon [_thread_in_native, id=32796, stack(0x000000bdd6100000,0x000000bdd6200000)]

Other Threads:
  0x0000022f90223000 VMThread "VM Thread" [stack: 0x000000bdd5500000,0x000000bdd5600000] [id=26116]
  0x0000022f90423800 WatcherThread [stack: 0x000000bdd5e00000,0x000000bdd5f00000] [id=28936]
  0x0000022fe790b800 GCTaskThread "GC Thread#0" [stack: 0x000000bdd5000000,0x000000bdd5100000] [id=33280]
  0x0000022f91381800 GCTaskThread "GC Thread#1" [stack: 0x000000bdd6200000,0x000000bdd6300000] [id=19308]
  0x0000022f9125f800 GCTaskThread "GC Thread#2" [stack: 0x000000bdd6300000,0x000000bdd6400000] [id=7348]
  0x0000022f91260800 GCTaskThread "GC Thread#3" [stack: 0x000000bdd6400000,0x000000bdd6500000] [id=20308]
  0x0000022f914f5800 GCTaskThread "GC Thread#4" [stack: 0x000000bdd6500000,0x000000bdd6600000] [id=31784]
  0x0000022f914f6000 GCTaskThread "GC Thread#5" [stack: 0x000000bdd6600000,0x000000bdd6700000] [id=396]
  0x0000022f91521800 GCTaskThread "GC Thread#6" [stack: 0x000000bdd6700000,0x000000bdd6800000] [id=12920]
  0x0000022f91522000 GCTaskThread "GC Thread#7" [stack: 0x000000bdd6800000,0x000000bdd6900000] [id=32164]
  0x0000022f91522800 GCTaskThread "GC Thread#8" [stack: 0x000000bdd6900000,0x000000bdd6a00000] [id=14684]
  0x0000022f91523800 GCTaskThread "GC Thread#9" [stack: 0x000000bdd6a00000,0x000000bdd6b00000] [id=30096]
  0x0000022fe7988800 ConcurrentGCThread "G1 Main Marker" [stack: 0x000000bdd5100000,0x000000bdd5200000] [id=28948]
  0x0000022fe798a800 ConcurrentGCThread "G1 Conc#0" [stack: 0x000000bdd5200000,0x000000bdd5300000] [id=12224]
  0x0000022f92827000 ConcurrentGCThread "G1 Conc#1" [stack: 0x000000bdd6b00000,0x000000bdd6c00000] [id=33556]
  0x0000022f920a7000 ConcurrentGCThread "G1 Conc#2" [stack: 0x000000bdd6c00000,0x000000bdd6d00000] [id=29208]
  0x0000022f8ff76000 ConcurrentGCThread "G1 Refine#0" [stack: 0x000000bdd5300000,0x000000bdd5400000] [id=28240]
  0x0000022f920a6000 ConcurrentGCThread "G1 Refine#1" [stack: 0x000000bdd6d00000,0x000000bdd6e00000] [id=25060]
  0x0000022f8ff79800 ConcurrentGCThread "G1 Young RemSet Sampling" [stack: 0x000000bdd5400000,0x000000bdd5500000] [id=31236]

Threads with active compile tasks:
C2 CompilerThread0   1741 2854       4       java.lang.ClassLoader::loadClass (7 bytes)
C2 CompilerThread1   1741 2963       4       jdk.internal.loader.ClassLoaders$AppClassLoader::loadClass (40 bytes)
C2 CompilerThread2   1742 2953   !   4       jdk.internal.loader.BuiltinClassLoader::findClassOnClassPathOrNull (64 bytes)

VM state:not at safepoint (normal execution)

VM Mutex/Monitor currently owned by a thread: None

Heap address: 0x000000060b200000, size: 8014 MB, Compressed Oops mode: Zero based, Oop shift amount: 3
Narrow klass base: 0x0000000800000000, Narrow klass shift: 0
Compressed class space size: 1073741824 Address: 0x0000000800000000

Heap:
 garbage-first heap   total 514048K, used 70340K [0x000000060b200000, 0x0000000800000000)
  region size 2048K, 28 young (57344K), 4 survivors (8192K)
 Metaspace       used 46290K, capacity 46773K, committed 47024K, reserved 1091584K
  class space    used 5564K, capacity 5776K, committed 5808K, reserved 1048576K
Heap Regions: E=young(eden), S=young(survivor), O=old, HS=humongous(starts), HC=humongous(continues), CS=collection set, F=free, A=archive, TAMS=top-at-mark-start (previous, next)
|   0|0x000000060b200000, 0x000000060b400000, 0x000000060b400000|100%|HS|  |TAMS 0x000000060b400000, 0x000000060b200000| Complete 
|   1|0x000000060b400000, 0x000000060b600000, 0x000000060b600000|100%|HC|  |TAMS 0x000000060b600000, 0x000000060b400000| Complete 
|   2|0x000000060b600000, 0x000000060b800000, 0x000000060b800000|100%|HS|  |TAMS 0x000000060b800000, 0x000000060b600000| Complete 
|   3|0x000000060b800000, 0x000000060ba00000, 0x000000060ba00000|100%|HC|  |TAMS 0x000000060ba00000, 0x000000060b800000| Complete 
|   4|0x000000060ba00000, 0x000000060ba00000, 0x000000060bc00000|  0%| F|  |TAMS 0x000000060ba00000, 0x000000060ba00000| Untracked 
|   5|0x000000060bc00000, 0x000000060be00000, 0x000000060be00000|100%| O|  |TAMS 0x000000060be00000, 0x000000060bc00000| Untracked 
|   6|0x000000060be00000, 0x000000060c000000, 0x000000060c000000|100%| O|  |TAMS 0x000000060c000000, 0x000000060be00000| Untracked 
|   7|0x000000060c000000, 0x000000060c200000, 0x000000060c200000|100%| O|  |TAMS 0x000000060c200000, 0x000000060c000000| Untracked 
|   8|0x000000060c200000, 0x000000060c3dec00, 0x000000060c400000| 93%| O|  |TAMS 0x000000060c3dec00, 0x000000060c200000| Untracked 
|   9|0x000000060c400000, 0x000000060c400000, 0x000000060c600000|  0%| F|  |TAMS 0x000000060c400000, 0x000000060c400000| Untracked 
|  10|0x000000060c600000, 0x000000060c600000, 0x000000060c800000|  0%| F|  |TAMS 0x000000060c600000, 0x000000060c600000| Untracked 
|  11|0x000000060c800000, 0x000000060c800000, 0x000000060ca00000|  0%| F|  |TAMS 0x000000060c800000, 0x000000060c800000| Untracked 
|  12|0x000000060ca00000, 0x000000060ca00000, 0x000000060cc00000|  0%| F|  |TAMS 0x000000060ca00000, 0x000000060ca00000| Untracked 
|  13|0x000000060cc00000, 0x000000060cc00000, 0x000000060ce00000|  0%| F|  |TAMS 0x000000060cc00000, 0x000000060cc00000| Untracked 
|  14|0x000000060ce00000, 0x000000060ce00000, 0x000000060d000000|  0%| F|  |TAMS 0x000000060ce00000, 0x000000060ce00000| Untracked 
|  15|0x000000060d000000, 0x000000060d000000, 0x000000060d200000|  0%| F|  |TAMS 0x000000060d000000, 0x000000060d000000| Untracked 
|  16|0x000000060d200000, 0x000000060d200000, 0x000000060d400000|  0%| F|  |TAMS 0x000000060d200000, 0x000000060d200000| Untracked 
|  17|0x000000060d400000, 0x000000060d400000, 0x000000060d600000|  0%| F|  |TAMS 0x000000060d400000, 0x000000060d400000| Untracked 
|  18|0x000000060d600000, 0x000000060d600000, 0x000000060d800000|  0%| F|  |TAMS 0x000000060d600000, 0x000000060d600000| Untracked 
|  19|0x000000060d800000, 0x000000060d800000, 0x000000060da00000|  0%| F|  |TAMS 0x000000060d800000, 0x000000060d800000| Untracked 
|  20|0x000000060da00000, 0x000000060da00000, 0x000000060dc00000|  0%| F|  |TAMS 0x000000060da00000, 0x000000060da00000| Untracked 
|  21|0x000000060dc00000, 0x000000060dc00000, 0x000000060de00000|  0%| F|  |TAMS 0x000000060dc00000, 0x000000060dc00000| Untracked 
|  22|0x000000060de00000, 0x000000060de00000, 0x000000060e000000|  0%| F|  |TAMS 0x000000060de00000, 0x000000060de00000| Untracked 
|  23|0x000000060e000000, 0x000000060e000000, 0x000000060e200000|  0%| F|  |TAMS 0x000000060e000000, 0x000000060e000000| Untracked 
|  24|0x000000060e200000, 0x000000060e200000, 0x000000060e400000|  0%| F|  |TAMS 0x000000060e200000, 0x000000060e200000| Untracked 
|  25|0x000000060e400000, 0x000000060e400000, 0x000000060e600000|  0%| F|  |TAMS 0x000000060e400000, 0x000000060e400000| Untracked 
|  26|0x000000060e600000, 0x000000060e600000, 0x000000060e800000|  0%| F|  |TAMS 0x000000060e600000, 0x000000060e600000| Untracked 
|  27|0x000000060e800000, 0x000000060e800000, 0x000000060ea00000|  0%| F|  |TAMS 0x000000060e800000, 0x000000060e800000| Untracked 
|  28|0x000000060ea00000, 0x000000060ea00000, 0x000000060ec00000|  0%| F|  |TAMS 0x000000060ea00000, 0x000000060ea00000| Untracked 
|  29|0x000000060ec00000, 0x000000060ec00000, 0x000000060ee00000|  0%| F|  |TAMS 0x000000060ec00000, 0x000000060ec00000| Untracked 
|  30|0x000000060ee00000, 0x000000060ee00000, 0x000000060f000000|  0%| F|  |TAMS 0x000000060ee00000, 0x000000060ee00000| Untracked 
|  31|0x000000060f000000, 0x000000060f000000, 0x000000060f200000|  0%| F|  |TAMS 0x000000060f000000, 0x000000060f000000| Untracked 
|  32|0x000000060f200000, 0x000000060f200000, 0x000000060f400000|  0%| F|  |TAMS 0x000000060f200000, 0x000000060f200000| Untracked 
|  33|0x000000060f400000, 0x000000060f400000, 0x000000060f600000|  0%| F|  |TAMS 0x000000060f400000, 0x000000060f400000| Untracked 
|  34|0x000000060f600000, 0x000000060f600000, 0x000000060f800000|  0%| F|  |TAMS 0x000000060f600000, 0x000000060f600000| Untracked 
|  35|0x000000060f800000, 0x000000060f800000, 0x000000060fa00000|  0%| F|  |TAMS 0x000000060f800000, 0x000000060f800000| Untracked 
|  36|0x000000060fa00000, 0x000000060fa00000, 0x000000060fc00000|  0%| F|  |TAMS 0x000000060fa00000, 0x000000060fa00000| Untracked 
|  37|0x000000060fc00000, 0x000000060fc00000, 0x000000060fe00000|  0%| F|  |TAMS 0x000000060fc00000, 0x000000060fc00000| Untracked 
|  38|0x000000060fe00000, 0x000000060fe00000, 0x0000000610000000|  0%| F|  |TAMS 0x000000060fe00000, 0x000000060fe00000| Untracked 
|  39|0x0000000610000000, 0x0000000610000000, 0x0000000610200000|  0%| F|  |TAMS 0x0000000610000000, 0x0000000610000000| Untracked 
|  40|0x0000000610200000, 0x0000000610200000, 0x0000000610400000|  0%| F|  |TAMS 0x0000000610200000, 0x0000000610200000| Untracked 
|  41|0x0000000610400000, 0x0000000610400000, 0x0000000610600000|  0%| F|  |TAMS 0x0000000610400000, 0x0000000610400000| Untracked 
|  42|0x0000000610600000, 0x0000000610600000, 0x0000000610800000|  0%| F|  |TAMS 0x0000000610600000, 0x0000000610600000| Untracked 
|  43|0x0000000610800000, 0x0000000610800000, 0x0000000610a00000|  0%| F|  |TAMS 0x0000000610800000, 0x0000000610800000| Untracked 
|  44|0x0000000610a00000, 0x0000000610a00000, 0x0000000610c00000|  0%| F|  |TAMS 0x0000000610a00000, 0x0000000610a00000| Untracked 
|  45|0x0000000610c00000, 0x0000000610c00000, 0x0000000610e00000|  0%| F|  |TAMS 0x0000000610c00000, 0x0000000610c00000| Untracked 
|  46|0x0000000610e00000, 0x0000000610e00000, 0x0000000611000000|  0%| F|  |TAMS 0x0000000610e00000, 0x0000000610e00000| Untracked 
|  47|0x0000000611000000, 0x0000000611000000, 0x0000000611200000|  0%| F|  |TAMS 0x0000000611000000, 0x0000000611000000| Untracked 
|  48|0x0000000611200000, 0x0000000611200000, 0x0000000611400000|  0%| F|  |TAMS 0x0000000611200000, 0x0000000611200000| Untracked 
|  49|0x0000000611400000, 0x0000000611400000, 0x0000000611600000|  0%| F|  |TAMS 0x0000000611400000, 0x0000000611400000| Untracked 
|  50|0x0000000611600000, 0x0000000611600000, 0x0000000611800000|  0%| F|  |TAMS 0x0000000611600000, 0x0000000611600000| Untracked 
|  51|0x0000000611800000, 0x0000000611800000, 0x0000000611a00000|  0%| F|  |TAMS 0x0000000611800000, 0x0000000611800000| Untracked 
|  52|0x0000000611a00000, 0x0000000611a00000, 0x0000000611c00000|  0%| F|  |TAMS 0x0000000611a00000, 0x0000000611a00000| Untracked 
|  53|0x0000000611c00000, 0x0000000611c00000, 0x0000000611e00000|  0%| F|  |TAMS 0x0000000611c00000, 0x0000000611c00000| Untracked 
|  54|0x0000000611e00000, 0x0000000611e00000, 0x0000000612000000|  0%| F|  |TAMS 0x0000000611e00000, 0x0000000611e00000| Untracked 
|  55|0x0000000612000000, 0x0000000612000000, 0x0000000612200000|  0%| F|  |TAMS 0x0000000612000000, 0x0000000612000000| Untracked 
|  56|0x0000000612200000, 0x0000000612200000, 0x0000000612400000|  0%| F|  |TAMS 0x0000000612200000, 0x0000000612200000| Untracked 
|  57|0x0000000612400000, 0x0000000612400000, 0x0000000612600000|  0%| F|  |TAMS 0x0000000612400000, 0x0000000612400000| Untracked 
|  58|0x0000000612600000, 0x0000000612600000, 0x0000000612800000|  0%| F|  |TAMS 0x0000000612600000, 0x0000000612600000| Untracked 
|  59|0x0000000612800000, 0x0000000612800000, 0x0000000612a00000|  0%| F|  |TAMS 0x0000000612800000, 0x0000000612800000| Untracked 
|  60|0x0000000612a00000, 0x0000000612a00000, 0x0000000612c00000|  0%| F|  |TAMS 0x0000000612a00000, 0x0000000612a00000| Untracked 
|  61|0x0000000612c00000, 0x0000000612c00000, 0x0000000612e00000|  0%| F|  |TAMS 0x0000000612c00000, 0x0000000612c00000| Untracked 
|  62|0x0000000612e00000, 0x0000000612e00000, 0x0000000613000000|  0%| F|  |TAMS 0x0000000612e00000, 0x0000000612e00000| Untracked 
|  63|0x0000000613000000, 0x0000000613000000, 0x0000000613200000|  0%| F|  |TAMS 0x0000000613000000, 0x0000000613000000| Untracked 
|  64|0x0000000613200000, 0x0000000613200000, 0x0000000613400000|  0%| F|  |TAMS 0x0000000613200000, 0x0000000613200000| Untracked 
|  65|0x0000000613400000, 0x0000000613400000, 0x0000000613600000|  0%| F|  |TAMS 0x0000000613400000, 0x0000000613400000| Untracked 
|  66|0x0000000613600000, 0x0000000613600000, 0x0000000613800000|  0%| F|  |TAMS 0x0000000613600000, 0x0000000613600000| Untracked 
|  67|0x0000000613800000, 0x0000000613800000, 0x0000000613a00000|  0%| F|  |TAMS 0x0000000613800000, 0x0000000613800000| Untracked 
|  68|0x0000000613a00000, 0x0000000613a00000, 0x0000000613c00000|  0%| F|  |TAMS 0x0000000613a00000, 0x0000000613a00000| Untracked 
|  69|0x0000000613c00000, 0x0000000613c00000, 0x0000000613e00000|  0%| F|  |TAMS 0x0000000613c00000, 0x0000000613c00000| Untracked 
|  70|0x0000000613e00000, 0x0000000613e00000, 0x0000000614000000|  0%| F|  |TAMS 0x0000000613e00000, 0x0000000613e00000| Untracked 
|  71|0x0000000614000000, 0x0000000614000000, 0x0000000614200000|  0%| F|  |TAMS 0x0000000614000000, 0x0000000614000000| Untracked 
|  72|0x0000000614200000, 0x0000000614200000, 0x0000000614400000|  0%| F|  |TAMS 0x0000000614200000, 0x0000000614200000| Untracked 
|  73|0x0000000614400000, 0x0000000614400000, 0x0000000614600000|  0%| F|  |TAMS 0x0000000614400000, 0x0000000614400000| Untracked 
|  74|0x0000000614600000, 0x0000000614600000, 0x0000000614800000|  0%| F|  |TAMS 0x0000000614600000, 0x0000000614600000| Untracked 
|  75|0x0000000614800000, 0x0000000614800000, 0x0000000614a00000|  0%| F|  |TAMS 0x0000000614800000, 0x0000000614800000| Untracked 
|  76|0x0000000614a00000, 0x0000000614a00000, 0x0000000614c00000|  0%| F|  |TAMS 0x0000000614a00000, 0x0000000614a00000| Untracked 
|  77|0x0000000614c00000, 0x0000000614c00000, 0x0000000614e00000|  0%| F|  |TAMS 0x0000000614c00000, 0x0000000614c00000| Untracked 
|  78|0x0000000614e00000, 0x0000000614e00000, 0x0000000615000000|  0%| F|  |TAMS 0x0000000614e00000, 0x0000000614e00000| Untracked 
|  79|0x0000000615000000, 0x0000000615000000, 0x0000000615200000|  0%| F|  |TAMS 0x0000000615000000, 0x0000000615000000| Untracked 
|  80|0x0000000615200000, 0x0000000615200000, 0x0000000615400000|  0%| F|  |TAMS 0x0000000615200000, 0x0000000615200000| Untracked 
|  81|0x0000000615400000, 0x0000000615400000, 0x0000000615600000|  0%| F|  |TAMS 0x0000000615400000, 0x0000000615400000| Untracked 
|  82|0x0000000615600000, 0x0000000615600000, 0x0000000615800000|  0%| F|  |TAMS 0x0000000615600000, 0x0000000615600000| Untracked 
|  83|0x0000000615800000, 0x0000000615800000, 0x0000000615a00000|  0%| F|  |TAMS 0x0000000615800000, 0x0000000615800000| Untracked 
|  84|0x0000000615a00000, 0x0000000615a00000, 0x0000000615c00000|  0%| F|  |TAMS 0x0000000615a00000, 0x0000000615a00000| Untracked 
|  85|0x0000000615c00000, 0x0000000615c00000, 0x0000000615e00000|  0%| F|  |TAMS 0x0000000615c00000, 0x0000000615c00000| Untracked 
|  86|0x0000000615e00000, 0x0000000615e00000, 0x0000000616000000|  0%| F|  |TAMS 0x0000000615e00000, 0x0000000615e00000| Untracked 
|  87|0x0000000616000000, 0x0000000616000000, 0x0000000616200000|  0%| F|  |TAMS 0x0000000616000000, 0x0000000616000000| Untracked 
|  88|0x0000000616200000, 0x0000000616200000, 0x0000000616400000|  0%| F|  |TAMS 0x0000000616200000, 0x0000000616200000| Untracked 
|  89|0x0000000616400000, 0x0000000616400000, 0x0000000616600000|  0%| F|  |TAMS 0x0000000616400000, 0x0000000616400000| Untracked 
|  90|0x0000000616600000, 0x0000000616600000, 0x0000000616800000|  0%| F|  |TAMS 0x0000000616600000, 0x0000000616600000| Untracked 
|  91|0x0000000616800000, 0x0000000616800000, 0x0000000616a00000|  0%| F|  |TAMS 0x0000000616800000, 0x0000000616800000| Untracked 
|  92|0x0000000616a00000, 0x0000000616a00000, 0x0000000616c00000|  0%| F|  |TAMS 0x0000000616a00000, 0x0000000616a00000| Untracked 
|  93|0x0000000616c00000, 0x0000000616c00000, 0x0000000616e00000|  0%| F|  |TAMS 0x0000000616c00000, 0x0000000616c00000| Untracked 
|  94|0x0000000616e00000, 0x0000000616e00000, 0x0000000617000000|  0%| F|  |TAMS 0x0000000616e00000, 0x0000000616e00000| Untracked 
|  95|0x0000000617000000, 0x0000000617000000, 0x0000000617200000|  0%| F|  |TAMS 0x0000000617000000, 0x0000000617000000| Untracked 
|  96|0x0000000617200000, 0x0000000617200000, 0x0000000617400000|  0%| F|  |TAMS 0x0000000617200000, 0x0000000617200000| Untracked 
|  97|0x0000000617400000, 0x0000000617400000, 0x0000000617600000|  0%| F|  |TAMS 0x0000000617400000, 0x0000000617400000| Untracked 
|  98|0x0000000617600000, 0x0000000617600000, 0x0000000617800000|  0%| F|  |TAMS 0x0000000617600000, 0x0000000617600000| Untracked 
|  99|0x0000000617800000, 0x0000000617800000, 0x0000000617a00000|  0%| F|  |TAMS 0x0000000617800000, 0x0000000617800000| Untracked 
| 100|0x0000000617a00000, 0x0000000617a00000, 0x0000000617c00000|  0%| F|  |TAMS 0x0000000617a00000, 0x0000000617a00000| Untracked 
| 101|0x0000000617c00000, 0x0000000617c00000, 0x0000000617e00000|  0%| F|  |TAMS 0x0000000617c00000, 0x0000000617c00000| Untracked 
| 102|0x0000000617e00000, 0x0000000617e00000, 0x0000000618000000|  0%| F|  |TAMS 0x0000000617e00000, 0x0000000617e00000| Untracked 
| 103|0x0000000618000000, 0x0000000618000000, 0x0000000618200000|  0%| F|  |TAMS 0x0000000618000000, 0x0000000618000000| Untracked 
| 104|0x0000000618200000, 0x0000000618200000, 0x0000000618400000|  0%| F|  |TAMS 0x0000000618200000, 0x0000000618200000| Untracked 
| 105|0x0000000618400000, 0x0000000618400000, 0x0000000618600000|  0%| F|  |TAMS 0x0000000618400000, 0x0000000618400000| Untracked 
| 106|0x0000000618600000, 0x0000000618600000, 0x0000000618800000|  0%| F|  |TAMS 0x0000000618600000, 0x0000000618600000| Untracked 
| 107|0x0000000618800000, 0x0000000618800000, 0x0000000618a00000|  0%| F|  |TAMS 0x0000000618800000, 0x0000000618800000| Untracked 
| 108|0x0000000618a00000, 0x0000000618a00000, 0x0000000618c00000|  0%| F|  |TAMS 0x0000000618a00000, 0x0000000618a00000| Untracked 
| 109|0x0000000618c00000, 0x0000000618c00000, 0x0000000618e00000|  0%| F|  |TAMS 0x0000000618c00000, 0x0000000618c00000| Untracked 
| 110|0x0000000618e00000, 0x0000000618e00000, 0x0000000619000000|  0%| F|  |TAMS 0x0000000618e00000, 0x0000000618e00000| Untracked 
| 111|0x0000000619000000, 0x0000000619000000, 0x0000000619200000|  0%| F|  |TAMS 0x0000000619000000, 0x0000000619000000| Untracked 
| 112|0x0000000619200000, 0x0000000619200000, 0x0000000619400000|  0%| F|  |TAMS 0x0000000619200000, 0x0000000619200000| Untracked 
| 113|0x0000000619400000, 0x0000000619400000, 0x0000000619600000|  0%| F|  |TAMS 0x0000000619400000, 0x0000000619400000| Untracked 
| 114|0x0000000619600000, 0x0000000619600000, 0x0000000619800000|  0%| F|  |TAMS 0x0000000619600000, 0x0000000619600000| Untracked 
| 115|0x0000000619800000, 0x0000000619800000, 0x0000000619a00000|  0%| F|  |TAMS 0x0000000619800000, 0x0000000619800000| Untracked 
| 116|0x0000000619a00000, 0x0000000619a00000, 0x0000000619c00000|  0%| F|  |TAMS 0x0000000619a00000, 0x0000000619a00000| Untracked 
| 117|0x0000000619c00000, 0x0000000619c00000, 0x0000000619e00000|  0%| F|  |TAMS 0x0000000619c00000, 0x0000000619c00000| Untracked 
| 118|0x0000000619e00000, 0x0000000619e00000, 0x000000061a000000|  0%| F|  |TAMS 0x0000000619e00000, 0x0000000619e00000| Untracked 
| 119|0x000000061a000000, 0x000000061a000000, 0x000000061a200000|  0%| F|  |TAMS 0x000000061a000000, 0x000000061a000000| Untracked 
| 120|0x000000061a200000, 0x000000061a200000, 0x000000061a400000|  0%| F|  |TAMS 0x000000061a200000, 0x000000061a200000| Untracked 
| 121|0x000000061a400000, 0x000000061a400000, 0x000000061a600000|  0%| F|  |TAMS 0x000000061a400000, 0x000000061a400000| Untracked 
| 122|0x000000061a600000, 0x000000061a600000, 0x000000061a800000|  0%| F|  |TAMS 0x000000061a600000, 0x000000061a600000| Untracked 
| 123|0x000000061a800000, 0x000000061a800000, 0x000000061aa00000|  0%| F|  |TAMS 0x000000061a800000, 0x000000061a800000| Untracked 
| 124|0x000000061aa00000, 0x000000061aa00000, 0x000000061ac00000|  0%| F|  |TAMS 0x000000061aa00000, 0x000000061aa00000| Untracked 
| 125|0x000000061ac00000, 0x000000061ac00000, 0x000000061ae00000|  0%| F|  |TAMS 0x000000061ac00000, 0x000000061ac00000| Untracked 
| 126|0x000000061ae00000, 0x000000061ae00000, 0x000000061b000000|  0%| F|  |TAMS 0x000000061ae00000, 0x000000061ae00000| Untracked 
| 127|0x000000061b000000, 0x000000061b000000, 0x000000061b200000|  0%| F|  |TAMS 0x000000061b000000, 0x000000061b000000| Untracked 
| 128|0x000000061b200000, 0x000000061b200000, 0x000000061b400000|  0%| F|  |TAMS 0x000000061b200000, 0x000000061b200000| Untracked 
| 129|0x000000061b400000, 0x000000061b400000, 0x000000061b600000|  0%| F|  |TAMS 0x000000061b400000, 0x000000061b400000| Untracked 
| 130|0x000000061b600000, 0x000000061b600000, 0x000000061b800000|  0%| F|  |TAMS 0x000000061b600000, 0x000000061b600000| Untracked 
| 131|0x000000061b800000, 0x000000061b800000, 0x000000061ba00000|  0%| F|  |TAMS 0x000000061b800000, 0x000000061b800000| Untracked 
| 132|0x000000061ba00000, 0x000000061ba00000, 0x000000061bc00000|  0%| F|  |TAMS 0x000000061ba00000, 0x000000061ba00000| Untracked 
| 133|0x000000061bc00000, 0x000000061bc00000, 0x000000061be00000|  0%| F|  |TAMS 0x000000061bc00000, 0x000000061bc00000| Untracked 
| 134|0x000000061be00000, 0x000000061be00000, 0x000000061c000000|  0%| F|  |TAMS 0x000000061be00000, 0x000000061be00000| Untracked 
| 135|0x000000061c000000, 0x000000061c000000, 0x000000061c200000|  0%| F|  |TAMS 0x000000061c000000, 0x000000061c000000| Untracked 
| 136|0x000000061c200000, 0x000000061c200000, 0x000000061c400000|  0%| F|  |TAMS 0x000000061c200000, 0x000000061c200000| Untracked 
| 137|0x000000061c400000, 0x000000061c400000, 0x000000061c600000|  0%| F|  |TAMS 0x000000061c400000, 0x000000061c400000| Untracked 
| 138|0x000000061c600000, 0x000000061c600000, 0x000000061c800000|  0%| F|  |TAMS 0x000000061c600000, 0x000000061c600000| Untracked 
| 139|0x000000061c800000, 0x000000061c800000, 0x000000061ca00000|  0%| F|  |TAMS 0x000000061c800000, 0x000000061c800000| Untracked 
| 140|0x000000061ca00000, 0x000000061ca00000, 0x000000061cc00000|  0%| F|  |TAMS 0x000000061ca00000, 0x000000061ca00000| Untracked 
| 141|0x000000061cc00000, 0x000000061cc00000, 0x000000061ce00000|  0%| F|  |TAMS 0x000000061cc00000, 0x000000061cc00000| Untracked 
| 142|0x000000061ce00000, 0x000000061ce00000, 0x000000061d000000|  0%| F|  |TAMS 0x000000061ce00000, 0x000000061ce00000| Untracked 
| 143|0x000000061d000000, 0x000000061d000000, 0x000000061d200000|  0%| F|  |TAMS 0x000000061d000000, 0x000000061d000000| Untracked 
| 144|0x000000061d200000, 0x000000061d200000, 0x000000061d400000|  0%| F|  |TAMS 0x000000061d200000, 0x000000061d200000| Untracked 
| 145|0x000000061d400000, 0x000000061d400000, 0x000000061d600000|  0%| F|  |TAMS 0x000000061d400000, 0x000000061d400000| Untracked 
| 146|0x000000061d600000, 0x000000061d600000, 0x000000061d800000|  0%| F|  |TAMS 0x000000061d600000, 0x000000061d600000| Untracked 
| 147|0x000000061d800000, 0x000000061d800000, 0x000000061da00000|  0%| F|  |TAMS 0x000000061d800000, 0x000000061d800000| Untracked 
| 148|0x000000061da00000, 0x000000061da00000, 0x000000061dc00000|  0%| F|  |TAMS 0x000000061da00000, 0x000000061da00000| Untracked 
| 149|0x000000061dc00000, 0x000000061dc00000, 0x000000061de00000|  0%| F|  |TAMS 0x000000061dc00000, 0x000000061dc00000| Untracked 
| 150|0x000000061de00000, 0x000000061de00000, 0x000000061e000000|  0%| F|  |TAMS 0x000000061de00000, 0x000000061de00000| Untracked 
| 151|0x000000061e000000, 0x000000061e000000, 0x000000061e200000|  0%| F|  |TAMS 0x000000061e000000, 0x000000061e000000| Untracked 
| 152|0x000000061e200000, 0x000000061e200000, 0x000000061e400000|  0%| F|  |TAMS 0x000000061e200000, 0x000000061e200000| Untracked 
| 153|0x000000061e400000, 0x000000061e400000, 0x000000061e600000|  0%| F|  |TAMS 0x000000061e400000, 0x000000061e400000| Untracked 
| 154|0x000000061e600000, 0x000000061e600000, 0x000000061e800000|  0%| F|  |TAMS 0x000000061e600000, 0x000000061e600000| Untracked 
| 155|0x000000061e800000, 0x000000061e800000, 0x000000061ea00000|  0%| F|  |TAMS 0x000000061e800000, 0x000000061e800000| Untracked 
| 156|0x000000061ea00000, 0x000000061ea00000, 0x000000061ec00000|  0%| F|  |TAMS 0x000000061ea00000, 0x000000061ea00000| Untracked 
| 157|0x000000061ec00000, 0x000000061ec00000, 0x000000061ee00000|  0%| F|  |TAMS 0x000000061ec00000, 0x000000061ec00000| Untracked 
| 158|0x000000061ee00000, 0x000000061ee00000, 0x000000061f000000|  0%| F|  |TAMS 0x000000061ee00000, 0x000000061ee00000| Untracked 
| 159|0x000000061f000000, 0x000000061f000000, 0x000000061f200000|  0%| F|  |TAMS 0x000000061f000000, 0x000000061f000000| Untracked 
| 160|0x000000061f200000, 0x000000061f200000, 0x000000061f400000|  0%| F|  |TAMS 0x000000061f200000, 0x000000061f200000| Untracked 
| 161|0x000000061f400000, 0x000000061f400000, 0x000000061f600000|  0%| F|  |TAMS 0x000000061f400000, 0x000000061f400000| Untracked 
| 162|0x000000061f600000, 0x000000061f600000, 0x000000061f800000|  0%| F|  |TAMS 0x000000061f600000, 0x000000061f600000| Untracked 
| 163|0x000000061f800000, 0x000000061f800000, 0x000000061fa00000|  0%| F|  |TAMS 0x000000061f800000, 0x000000061f800000| Untracked 
| 164|0x000000061fa00000, 0x000000061fa00000, 0x000000061fc00000|  0%| F|  |TAMS 0x000000061fa00000, 0x000000061fa00000| Untracked 
| 165|0x000000061fc00000, 0x000000061fc00000, 0x000000061fe00000|  0%| F|  |TAMS 0x000000061fc00000, 0x000000061fc00000| Untracked 
| 166|0x000000061fe00000, 0x000000061fe00000, 0x0000000620000000|  0%| F|  |TAMS 0x000000061fe00000, 0x000000061fe00000| Untracked 
| 167|0x0000000620000000, 0x0000000620000000, 0x0000000620200000|  0%| F|  |TAMS 0x0000000620000000, 0x0000000620000000| Untracked 
| 168|0x0000000620200000, 0x0000000620200000, 0x0000000620400000|  0%| F|  |TAMS 0x0000000620200000, 0x0000000620200000| Untracked 
| 169|0x0000000620400000, 0x0000000620400000, 0x0000000620600000|  0%| F|  |TAMS 0x0000000620400000, 0x0000000620400000| Untracked 
| 170|0x0000000620600000, 0x0000000620600000, 0x0000000620800000|  0%| F|  |TAMS 0x0000000620600000, 0x0000000620600000| Untracked 
| 171|0x0000000620800000, 0x0000000620800000, 0x0000000620a00000|  0%| F|  |TAMS 0x0000000620800000, 0x0000000620800000| Untracked 
| 172|0x0000000620a00000, 0x0000000620a00000, 0x0000000620c00000|  0%| F|  |TAMS 0x0000000620a00000, 0x0000000620a00000| Untracked 
| 173|0x0000000620c00000, 0x0000000620c00000, 0x0000000620e00000|  0%| F|  |TAMS 0x0000000620c00000, 0x0000000620c00000| Untracked 
| 174|0x0000000620e00000, 0x0000000620e00000, 0x0000000621000000|  0%| F|  |TAMS 0x0000000620e00000, 0x0000000620e00000| Untracked 
| 175|0x0000000621000000, 0x0000000621000000, 0x0000000621200000|  0%| F|  |TAMS 0x0000000621000000, 0x0000000621000000| Untracked 
| 176|0x0000000621200000, 0x0000000621200000, 0x0000000621400000|  0%| F|  |TAMS 0x0000000621200000, 0x0000000621200000| Untracked 
| 177|0x0000000621400000, 0x0000000621400000, 0x0000000621600000|  0%| F|  |TAMS 0x0000000621400000, 0x0000000621400000| Untracked 
| 178|0x0000000621600000, 0x0000000621600000, 0x0000000621800000|  0%| F|  |TAMS 0x0000000621600000, 0x0000000621600000| Untracked 
| 179|0x0000000621800000, 0x0000000621800000, 0x0000000621a00000|  0%| F|  |TAMS 0x0000000621800000, 0x0000000621800000| Untracked 
| 180|0x0000000621a00000, 0x0000000621a00000, 0x0000000621c00000|  0%| F|  |TAMS 0x0000000621a00000, 0x0000000621a00000| Untracked 
| 181|0x0000000621c00000, 0x0000000621c00000, 0x0000000621e00000|  0%| F|  |TAMS 0x0000000621c00000, 0x0000000621c00000| Untracked 
| 182|0x0000000621e00000, 0x0000000621e00000, 0x0000000622000000|  0%| F|  |TAMS 0x0000000621e00000, 0x0000000621e00000| Untracked 
| 183|0x0000000622000000, 0x0000000622000000, 0x0000000622200000|  0%| F|  |TAMS 0x0000000622000000, 0x0000000622000000| Untracked 
| 184|0x0000000622200000, 0x0000000622200000, 0x0000000622400000|  0%| F|  |TAMS 0x0000000622200000, 0x0000000622200000| Untracked 
| 185|0x0000000622400000, 0x0000000622400000, 0x0000000622600000|  0%| F|  |TAMS 0x0000000622400000, 0x0000000622400000| Untracked 
| 186|0x0000000622600000, 0x0000000622600000, 0x0000000622800000|  0%| F|  |TAMS 0x0000000622600000, 0x0000000622600000| Untracked 
| 187|0x0000000622800000, 0x0000000622800000, 0x0000000622a00000|  0%| F|  |TAMS 0x0000000622800000, 0x0000000622800000| Untracked 
| 188|0x0000000622a00000, 0x0000000622a00000, 0x0000000622c00000|  0%| F|  |TAMS 0x0000000622a00000, 0x0000000622a00000| Untracked 
| 189|0x0000000622c00000, 0x0000000622c00000, 0x0000000622e00000|  0%| F|  |TAMS 0x0000000622c00000, 0x0000000622c00000| Untracked 
| 190|0x0000000622e00000, 0x0000000622e00000, 0x0000000623000000|  0%| F|  |TAMS 0x0000000622e00000, 0x0000000622e00000| Untracked 
| 191|0x0000000623000000, 0x0000000623000000, 0x0000000623200000|  0%| F|  |TAMS 0x0000000623000000, 0x0000000623000000| Untracked 
| 192|0x0000000623200000, 0x0000000623200000, 0x0000000623400000|  0%| F|  |TAMS 0x0000000623200000, 0x0000000623200000| Untracked 
| 193|0x0000000623400000, 0x0000000623400000, 0x0000000623600000|  0%| F|  |TAMS 0x0000000623400000, 0x0000000623400000| Untracked 
| 194|0x0000000623600000, 0x0000000623600000, 0x0000000623800000|  0%| F|  |TAMS 0x0000000623600000, 0x0000000623600000| Untracked 
| 195|0x0000000623800000, 0x0000000623800000, 0x0000000623a00000|  0%| F|  |TAMS 0x0000000623800000, 0x0000000623800000| Untracked 
| 196|0x0000000623a00000, 0x0000000623a00000, 0x0000000623c00000|  0%| F|  |TAMS 0x0000000623a00000, 0x0000000623a00000| Untracked 
| 197|0x0000000623c00000, 0x0000000623c00000, 0x0000000623e00000|  0%| F|  |TAMS 0x0000000623c00000, 0x0000000623c00000| Untracked 
| 198|0x0000000623e00000, 0x0000000623e00000, 0x0000000624000000|  0%| F|  |TAMS 0x0000000623e00000, 0x0000000623e00000| Untracked 
| 199|0x0000000624000000, 0x0000000624000000, 0x0000000624200000|  0%| F|  |TAMS 0x0000000624000000, 0x0000000624000000| Untracked 
| 200|0x0000000624200000, 0x0000000624200000, 0x0000000624400000|  0%| F|  |TAMS 0x0000000624200000, 0x0000000624200000| Untracked 
| 201|0x0000000624400000, 0x0000000624400000, 0x0000000624600000|  0%| F|  |TAMS 0x0000000624400000, 0x0000000624400000| Untracked 
| 202|0x0000000624600000, 0x0000000624600000, 0x0000000624800000|  0%| F|  |TAMS 0x0000000624600000, 0x0000000624600000| Untracked 
| 203|0x0000000624800000, 0x0000000624800000, 0x0000000624a00000|  0%| F|  |TAMS 0x0000000624800000, 0x0000000624800000| Untracked 
| 204|0x0000000624a00000, 0x0000000624a00000, 0x0000000624c00000|  0%| F|  |TAMS 0x0000000624a00000, 0x0000000624a00000| Untracked 
| 205|0x0000000624c00000, 0x0000000624c00000, 0x0000000624e00000|  0%| F|  |TAMS 0x0000000624c00000, 0x0000000624c00000| Untracked 
| 206|0x0000000624e00000, 0x0000000624e00000, 0x0000000625000000|  0%| F|  |TAMS 0x0000000624e00000, 0x0000000624e00000| Untracked 
| 207|0x0000000625000000, 0x0000000625000000, 0x0000000625200000|  0%| F|  |TAMS 0x0000000625000000, 0x0000000625000000| Untracked 
| 208|0x0000000625200000, 0x0000000625200000, 0x0000000625400000|  0%| F|  |TAMS 0x0000000625200000, 0x0000000625200000| Untracked 
| 209|0x0000000625400000, 0x0000000625400000, 0x0000000625600000|  0%| F|  |TAMS 0x0000000625400000, 0x0000000625400000| Untracked 
| 210|0x0000000625600000, 0x0000000625600000, 0x0000000625800000|  0%| F|  |TAMS 0x0000000625600000, 0x0000000625600000| Untracked 
| 211|0x0000000625800000, 0x0000000625800000, 0x0000000625a00000|  0%| F|  |TAMS 0x0000000625800000, 0x0000000625800000| Untracked 
| 212|0x0000000625a00000, 0x0000000625a00000, 0x0000000625c00000|  0%| F|  |TAMS 0x0000000625a00000, 0x0000000625a00000| Untracked 
| 213|0x0000000625c00000, 0x0000000625c00000, 0x0000000625e00000|  0%| F|  |TAMS 0x0000000625c00000, 0x0000000625c00000| Untracked 
| 214|0x0000000625e00000, 0x0000000625e00000, 0x0000000626000000|  0%| F|  |TAMS 0x0000000625e00000, 0x0000000625e00000| Untracked 
| 215|0x0000000626000000, 0x0000000626000000, 0x0000000626200000|  0%| F|  |TAMS 0x0000000626000000, 0x0000000626000000| Untracked 
| 216|0x0000000626200000, 0x0000000626200000, 0x0000000626400000|  0%| F|  |TAMS 0x0000000626200000, 0x0000000626200000| Untracked 
| 217|0x0000000626400000, 0x0000000626400000, 0x0000000626600000|  0%| F|  |TAMS 0x0000000626400000, 0x0000000626400000| Untracked 
| 218|0x0000000626600000, 0x0000000626600000, 0x0000000626800000|  0%| F|  |TAMS 0x0000000626600000, 0x0000000626600000| Untracked 
| 219|0x0000000626800000, 0x000000062683f4d0, 0x0000000626a00000| 12%| S|  |TAMS 0x0000000626800000, 0x0000000626800000| Complete 
| 220|0x0000000626a00000, 0x0000000626c00000, 0x0000000626c00000|100%| S|  |TAMS 0x0000000626a00000, 0x0000000626a00000| Complete 
| 221|0x0000000626c00000, 0x0000000626e00000, 0x0000000626e00000|100%| S|  |TAMS 0x0000000626c00000, 0x0000000626c00000| Complete 
| 222|0x0000000626e00000, 0x0000000627000000, 0x0000000627000000|100%| S|  |TAMS 0x0000000626e00000, 0x0000000626e00000| Complete 
| 223|0x0000000627000000, 0x0000000627000000, 0x0000000627200000|  0%| F|  |TAMS 0x0000000627000000, 0x0000000627000000| Untracked 
| 224|0x0000000627200000, 0x0000000627200000, 0x0000000627400000|  0%| F|  |TAMS 0x0000000627200000, 0x0000000627200000| Untracked 
| 225|0x0000000627400000, 0x0000000627400000, 0x0000000627600000|  0%| F|  |TAMS 0x0000000627400000, 0x0000000627400000| Untracked 
| 226|0x0000000627600000, 0x0000000627600000, 0x0000000627800000|  0%| F|  |TAMS 0x0000000627600000, 0x0000000627600000| Untracked 
| 227|0x0000000627800000, 0x0000000627800000, 0x0000000627a00000|  0%| F|  |TAMS 0x0000000627800000, 0x0000000627800000| Untracked 
| 228|0x0000000627a00000, 0x0000000627a00000, 0x0000000627c00000|  0%| F|  |TAMS 0x0000000627a00000, 0x0000000627a00000| Untracked 
| 229|0x0000000627c00000, 0x0000000627c00000, 0x0000000627e00000|  0%| F|  |TAMS 0x0000000627c00000, 0x0000000627c00000| Untracked 
| 230|0x0000000627e00000, 0x0000000627e00000, 0x0000000628000000|  0%| F|  |TAMS 0x0000000627e00000, 0x0000000627e00000| Untracked 
| 231|0x0000000628000000, 0x0000000628000000, 0x0000000628200000|  0%| F|  |TAMS 0x0000000628000000, 0x0000000628000000| Untracked 
| 232|0x0000000628200000, 0x0000000628200000, 0x0000000628400000|  0%| F|  |TAMS 0x0000000628200000, 0x0000000628200000| Untracked 
| 233|0x0000000628400000, 0x0000000628400000, 0x0000000628600000|  0%| F|  |TAMS 0x0000000628400000, 0x0000000628400000| Untracked 
| 234|0x0000000628600000, 0x0000000628600000, 0x0000000628800000|  0%| F|  |TAMS 0x0000000628600000, 0x0000000628600000| Untracked 
| 235|0x0000000628800000, 0x0000000628800000, 0x0000000628a00000|  0%| F|  |TAMS 0x0000000628800000, 0x0000000628800000| Untracked 
| 236|0x0000000628a00000, 0x0000000628a00000, 0x0000000628c00000|  0%| F|  |TAMS 0x0000000628a00000, 0x0000000628a00000| Untracked 
| 237|0x0000000628c00000, 0x0000000628c00000, 0x0000000628e00000|  0%| F|  |TAMS 0x0000000628c00000, 0x0000000628c00000| Untracked 
| 238|0x0000000628e00000, 0x0000000628e00000, 0x0000000629000000|  0%| F|  |TAMS 0x0000000628e00000, 0x0000000628e00000| Untracked 
| 239|0x0000000629000000, 0x0000000629000000, 0x0000000629200000|  0%| F|  |TAMS 0x0000000629000000, 0x0000000629000000| Untracked 
| 240|0x0000000629200000, 0x0000000629200000, 0x0000000629400000|  0%| F|  |TAMS 0x0000000629200000, 0x0000000629200000| Untracked 
| 241|0x0000000629400000, 0x0000000629400000, 0x0000000629600000|  0%| F|  |TAMS 0x0000000629400000, 0x0000000629400000| Untracked 
| 242|0x0000000629600000, 0x0000000629600000, 0x0000000629800000|  0%| F|  |TAMS 0x0000000629600000, 0x0000000629600000| Untracked 
| 243|0x0000000629800000, 0x0000000629800000, 0x0000000629a00000|  0%| F|  |TAMS 0x0000000629800000, 0x0000000629800000| Untracked 
| 244|0x0000000629a00000, 0x0000000629a00000, 0x0000000629c00000|  0%| F|  |TAMS 0x0000000629a00000, 0x0000000629a00000| Untracked 
| 245|0x0000000629c00000, 0x0000000629c00000, 0x0000000629e00000|  0%| F|  |TAMS 0x0000000629c00000, 0x0000000629c00000| Untracked 
| 246|0x0000000629e00000, 0x0000000629e00000, 0x000000062a000000|  0%| F|  |TAMS 0x0000000629e00000, 0x0000000629e00000| Untracked 
| 247|0x000000062a000000, 0x000000062a000000, 0x000000062a200000|  0%| F|  |TAMS 0x000000062a000000, 0x000000062a000000| Untracked 
| 248|0x000000062a200000, 0x000000062a200000, 0x000000062a400000|  0%| F|  |TAMS 0x000000062a200000, 0x000000062a200000| Untracked 
| 249|0x000000062a400000, 0x000000062a400000, 0x000000062a600000|  0%| F|  |TAMS 0x000000062a400000, 0x000000062a400000| Untracked 
| 250|0x000000062a600000, 0x000000062a600000, 0x000000062a800000|  0%| F|  |TAMS 0x000000062a600000, 0x000000062a600000| Untracked 

Card table byte_map: [0x0000022ffb900000,0x0000022ffc8b0000] _byte_map_base: 0x0000022ff88a7000

Marking Bits (Prev, Next): (CMBitMap*) 0x0000022fe7976ef8, (CMBitMap*) 0x0000022fe7976f30
 Prev Bits: [0x0000022f80000000, 0x0000022f87d38000)
 Next Bits: [0x0000022f87d40000, 0x0000022f8fa78000)

Polling page: 0x0000022fe5870000

Metaspace:

Usage:
  Non-class:     40.04 MB capacity,    39.78 MB (>99%) used,   199.20 KB ( <1%) free+waste,    67.44 KB ( <1%) overhead. 
      Class:      5.64 MB capacity,     5.44 MB ( 96%) used,   179.83 KB (  3%) free+waste,    30.19 KB ( <1%) overhead. 
       Both:     45.68 MB capacity,    45.21 MB ( 99%) used,   379.03 KB ( <1%) free+waste,    97.63 KB ( <1%) overhead. 

Virtual space:
  Non-class space:       42.00 MB reserved,      40.25 MB ( 96%) committed 
      Class space:        1.00 GB reserved,       5.67 MB ( <1%) committed 
             Both:        1.04 GB reserved,      45.92 MB (  4%) committed 

Chunk freelists:
   Non-Class:  27.00 KB
       Class:  16.00 KB
        Both:  43.00 KB

MaxMetaspaceSize: 17179869184.00 GB
CompressedClassSpaceSize: 1.00 GB
Initial GC threshold: 20.80 MB
Current GC threshold: 58.83 MB
CDS: off

CodeHeap 'non-profiled nmethods': size=120000Kb used=1329Kb max_used=1329Kb free=118670Kb
 bounds [0x0000022ff2ec0000, 0x0000022ff3130000, 0x0000022ffa3f0000]
CodeHeap 'profiled nmethods': size=120000Kb used=6406Kb max_used=6406Kb free=113593Kb
 bounds [0x0000022feb990000, 0x0000022febfe0000, 0x0000022ff2ec0000]
CodeHeap 'non-nmethods': size=5760Kb used=1273Kb max_used=1324Kb free=4486Kb
 bounds [0x0000022feb3f0000, 0x0000022feb660000, 0x0000022feb990000]
 total_blobs=3588 nmethods=3040 adapters=460
 compilation: enabled
              stopped_count=0, restarted_count=0
 full_count=0

Compilation events (20 events):
Event: 1.719 Thread 0x0000022f902b4800 3017       3       org.jetbrains.kotlin.name.FqNameUnsafe::<init> (28 bytes)
Event: 1.719 Thread 0x0000022f902b4800 nmethod 3017 0x0000022febfc5c90 code [0x0000022febfc5e60, 0x0000022febfc6188]
Event: 1.720 Thread 0x0000022f902b4800 3018       3       org.jetbrains.kotlin.name.FqNameUnsafe::parent (56 bytes)
Event: 1.720 Thread 0x0000022f902b4800 nmethod 3018 0x0000022febfc6290 code [0x0000022febfc64a0, 0x0000022febfc6978]
Event: 1.720 Thread 0x0000022f902b4800 3020       3       org.jetbrains.kotlin.name.FqName::isRoot (8 bytes)
Event: 1.720 Thread 0x0000022f902b4800 nmethod 3020 0x0000022febfc6b10 code [0x0000022febfc6ce0, 0x0000022febfc6f38]
Event: 1.720 Thread 0x0000022f902b4800 3021       3       org.jetbrains.kotlin.name.FqName::toUnsafe (13 bytes)
Event: 1.720 Thread 0x0000022f902b4800 nmethod 3021 0x0000022febfc7090 code [0x0000022febfc7240, 0x0000022febfc73c8]
Event: 1.720 Thread 0x0000022f902b4800 3019       3       org.jetbrains.kotlin.name.FqName::parent (70 bytes)
Event: 1.720 Thread 0x0000022f902b4800 nmethod 3019 0x0000022febfc7490 code [0x0000022febfc76c0, 0x0000022febfc7e18]
Event: 1.721 Thread 0x0000022f902b4800 3022       3       org.jetbrains.kotlin.name.FqNameUnsafe::asString (13 bytes)
Event: 1.721 Thread 0x0000022f902b4800 nmethod 3022 0x0000022febfc8090 code [0x0000022febfc8240, 0x0000022febfc83c8]
Event: 1.721 Thread 0x0000022f902b4800 3023       3       org.jetbrains.kotlin.name.FqName::asString (16 bytes)
Event: 1.721 Thread 0x0000022f902b4800 nmethod 3023 0x0000022febfc8490 code [0x0000022febfc8660, 0x0000022febfc88b8]
Event: 1.721 Thread 0x0000022f902b4800 3025       3       org.jetbrains.kotlin.name.FqNameUnsafe::shortName (56 bytes)
Event: 1.721 Thread 0x0000022f902b4800 nmethod 3025 0x0000022febfc8a10 code [0x0000022febfc8c20, 0x0000022febfc90f8]
Event: 1.721 Thread 0x0000022f902b4800 3026       3       org.jetbrains.kotlin.name.FqName::shortName (17 bytes)
Event: 1.721 Thread 0x0000022f902b4800 nmethod 3026 0x0000022febfc9290 code [0x0000022febfc9460, 0x0000022febfc9618]
Event: 1.721 Thread 0x0000022f902b4800 3024       3       org.jetbrains.kotlin.name.FqName::topLevel (21 bytes)
Event: 1.721 Thread 0x0000022f902b4800 nmethod 3024 0x0000022febfc9710 code [0x0000022febfc9960, 0x0000022febfca1e8]

GC Heap History (8 events):
Event: 0.320 GC heap before
{Heap before GC invocations=0 (full 0):
 garbage-first heap   total 514048K, used 26624K [0x000000060b200000, 0x0000000800000000)
  region size 2048K, 12 young (24576K), 0 survivors (0K)
 Metaspace       used 11811K, capacity 11858K, committed 12160K, reserved 1060864K
  class space    used 1066K, capacity 1077K, committed 1152K, reserved 1048576K
}
Event: 0.322 GC heap after
{Heap after GC invocations=1 (full 0):
 garbage-first heap   total 514048K, used 7158K [0x000000060b200000, 0x0000000800000000)
  region size 2048K, 2 young (4096K), 2 survivors (4096K)
 Metaspace       used 11811K, capacity 11858K, committed 12160K, reserved 1060864K
  class space    used 1066K, capacity 1077K, committed 1152K, reserved 1048576K
}
Event: 0.689 GC heap before
{Heap before GC invocations=1 (full 0):
 garbage-first heap   total 514048K, used 44022K [0x000000060b200000, 0x0000000800000000)
  region size 2048K, 21 young (43008K), 2 survivors (4096K)
 Metaspace       used 20963K, capacity 21201K, committed 21296K, reserved 1069056K
  class space    used 2227K, capacity 2307K, committed 2352K, reserved 1048576K
}
Event: 0.693 GC heap after
{Heap after GC invocations=2 (full 0):
 garbage-first heap   total 514048K, used 10885K [0x000000060b200000, 0x0000000800000000)
  region size 2048K, 4 young (8192K), 4 survivors (8192K)
 Metaspace       used 20963K, capacity 21201K, committed 21296K, reserved 1069056K
  class space    used 2227K, capacity 2307K, committed 2352K, reserved 1048576K
}
Event: 1.183 GC heap before
{Heap before GC invocations=3 (full 0):
 garbage-first heap   total 514048K, used 70277K [0x000000060b200000, 0x0000000800000000)
  region size 2048K, 30 young (61440K), 4 survivors (8192K)
 Metaspace       used 33314K, capacity 33728K, committed 33840K, reserved 1079296K
  class space    used 4180K, capacity 4371K, committed 4400K, reserved 1048576K
}
Event: 1.188 GC heap after
{Heap after GC invocations=4 (full 0):
 garbage-first heap   total 514048K, used 22887K [0x000000060b200000, 0x0000000800000000)
  region size 2048K, 4 young (8192K), 4 survivors (8192K)
 Metaspace       used 33314K, capacity 33728K, committed 33840K, reserved 1079296K
  class space    used 4180K, capacity 4371K, committed 4400K, reserved 1048576K
}
Event: 1.287 GC heap before
{Heap before GC invocations=4 (full 0):
 garbage-first heap   total 514048K, used 33127K [0x000000060b200000, 0x0000000800000000)
  region size 2048K, 10 young (20480K), 4 survivors (8192K)
 Metaspace       used 35413K, capacity 35819K, committed 35888K, reserved 1081344K
  class space    used 4402K, capacity 4599K, committed 4656K, reserved 1048576K
}
Event: 1.290 GC heap after
{Heap after GC invocations=5 (full 0):
 garbage-first heap   total 514048K, used 23236K [0x000000060b200000, 0x0000000800000000)
  region size 2048K, 4 young (8192K), 4 survivors (8192K)
 Metaspace       used 35413K, capacity 35819K, committed 35888K, reserved 1081344K
  class space    used 4402K, capacity 4599K, committed 4656K, reserved 1048576K
}

Deoptimization events (20 events):
Event: 1.556 Thread 0x0000022fe78f4000 Uncommon trap: trap_request=0xffffff4d fr.pc=0x0000022ff2fe9550 relative=0x0000000000000290
Event: 1.556 Thread 0x0000022fe78f4000 Uncommon trap: reason=unstable_if action=reinterpret pc=0x0000022ff2fe9550 method=sun.net.www.ParseUtil.firstEncodeIndex(Ljava/lang/String;)I @ 27 c2
Event: 1.556 Thread 0x0000022fe78f4000 DEOPT PACKING pc=0x0000022ff2fe9550 sp=0x000000bdd4ff6010
Event: 1.556 Thread 0x0000022fe78f4000 DEOPT UNPACKING pc=0x0000022feb43a1af sp=0x000000bdd4ff5e38 mode 2
Event: 1.556 Thread 0x0000022fe78f4000 Uncommon trap: trap_request=0xffffff4d fr.pc=0x0000022ff2f94b44 relative=0x00000000000001a4
Event: 1.556 Thread 0x0000022fe78f4000 Uncommon trap: reason=unstable_if action=reinterpret pc=0x0000022ff2f94b44 method=java.lang.String.indexOf(II)I @ 4 c2
Event: 1.556 Thread 0x0000022fe78f4000 DEOPT PACKING pc=0x0000022ff2f94b44 sp=0x000000bdd4ff5ca0
Event: 1.556 Thread 0x0000022fe78f4000 DEOPT UNPACKING pc=0x0000022feb43a1af sp=0x000000bdd4ff5c50 mode 2
Event: 1.556 Thread 0x0000022fe78f4000 Uncommon trap: trap_request=0xffffff4d fr.pc=0x0000022ff2f812c4 relative=0x00000000000001a4
Event: 1.556 Thread 0x0000022fe78f4000 Uncommon trap: reason=unstable_if action=reinterpret pc=0x0000022ff2f812c4 method=java.lang.String.startsWith(Ljava/lang/String;I)Z @ 46 c2
Event: 1.556 Thread 0x0000022fe78f4000 DEOPT PACKING pc=0x0000022ff2f812c4 sp=0x000000bdd4ff5da0
Event: 1.556 Thread 0x0000022fe78f4000 DEOPT UNPACKING pc=0x0000022feb43a1af sp=0x000000bdd4ff5d08 mode 2
Event: 1.556 Thread 0x0000022fe78f4000 Uncommon trap: trap_request=0xffffff4d fr.pc=0x0000022ff2ff240c relative=0x00000000000006ac
Event: 1.556 Thread 0x0000022fe78f4000 Uncommon trap: reason=unstable_if action=reinterpret pc=0x0000022ff2ff240c method=java.lang.String.lastIndexOf(II)I @ 4 c2
Event: 1.556 Thread 0x0000022fe78f4000 DEOPT PACKING pc=0x0000022ff2ff240c sp=0x000000bdd4ff5e10
Event: 1.556 Thread 0x0000022fe78f4000 DEOPT UNPACKING pc=0x0000022feb43a1af sp=0x000000bdd4ff5d00 mode 2
Event: 1.690 Thread 0x0000022fe78f4000 Uncommon trap: trap_request=0xffffffc6 fr.pc=0x0000022ff2f99ec8 relative=0x0000000000001428
Event: 1.690 Thread 0x0000022fe78f4000 Uncommon trap: reason=bimorphic_or_optimized_type_check action=maybe_recompile pc=0x0000022ff2f99ec8 method=java.util.zip.ZipFile.getZipEntry(Ljava/lang/String;[BILjava/util/function/Function;)Ljava/util/zip/ZipEntry; @ 108 c2
Event: 1.690 Thread 0x0000022fe78f4000 DEOPT PACKING pc=0x0000022ff2f99ec8 sp=0x000000bdd4ffb730
Event: 1.690 Thread 0x0000022fe78f4000 DEOPT UNPACKING pc=0x0000022feb43a1af sp=0x000000bdd4ffb6d8 mode 2

Classes redefined (0 events):
No events

Internal exceptions (20 events):
Event: 0.621 Thread 0x0000022fe78f4000 Exception <a 'java/lang/NoSuchMethodError'{0x00000006286fc270}: 'int java.lang.invoke.DirectMethodHandle$Holder.invokeSpecialIFC(java.lang.Object, java.lang.Object, int)'> (0x00000006286fc270) thrown at [./src/hotspot/share/interpreter/linkResolver.cpp, line 773]
Event: 0.683 Thread 0x0000022fe78f4000 Exception <a 'java/lang/NoSuchMethodError'{0x0000000627e54b28}: 'java.lang.Object java.lang.invoke.DirectMethodHandle$Holder.invokeStaticInit(java.lang.Object, int)'> (0x0000000627e54b28) thrown at [./src/hotspot/share/interpreter/linkResolver.cpp, line 773]
Event: 0.705 Thread 0x0000022fe78f4000 Exception <a 'java/lang/NoSuchMethodError'{0x000000062a732b90}: 'long java.lang.invoke.DirectMethodHandle$Holder.invokeStatic(java.lang.Object)'> (0x000000062a732b90) thrown at [./src/hotspot/share/interpreter/linkResolver.cpp, line 773]
Event: 0.705 Thread 0x0000022fe78f4000 Exception <a 'java/lang/NoSuchMethodError'{0x000000062a7359e8}: 'long java.lang.invoke.DirectMethodHandle$Holder.invokeStaticInit(java.lang.Object)'> (0x000000062a7359e8) thrown at [./src/hotspot/share/interpreter/linkResolver.cpp, line 773]
Event: 0.734 Thread 0x0000022fe78f4000 Exception <a 'java/lang/NoSuchMethodError'{0x000000062a2e2960}: 'int java.lang.invoke.DirectMethodHandle$Holder.invokeStaticInit(java.lang.Object, java.lang.Object, java.lang.Object)'> (0x000000062a2e2960) thrown at [./src/hotspot/share/interpreter/linkResolver.cpp, line 773]
Event: 0.736 Thread 0x0000022fe78f4000 Exception <a 'java/lang/NoSuchMethodError'{0x000000062a30e878}: 'int java.lang.invoke.DirectMethodHandle$Holder.invokeStaticInit(java.lang.Object, java.lang.Object)'> (0x000000062a30e878) thrown at [./src/hotspot/share/interpreter/linkResolver.cpp, line 773]
Event: 0.760 Thread 0x0000022fe78f4000 Exception <a 'java/lang/NoSuchMethodError'{0x000000062a11f288}: 'void java.lang.invoke.DirectMethodHandle$Holder.invokeSpecial(java.lang.Object, java.lang.Object)'> (0x000000062a11f288) thrown at [./src/hotspot/share/interpreter/linkResolver.cpp, line 773]
Event: 0.843 Thread 0x0000022fe78f4000 Exception <a 'java/lang/NoSuchMethodError'{0x00000006299897c0}: 'java.lang.Object java.lang.invoke.DirectMethodHandle$Holder.invokeStatic(java.lang.Object, java.lang.Object, java.lang.Object, java.lang.Object, java.lang.Object, java.lang.Object, java.lang.Object, java.lang.Object, java.lang.Object, java.lang.Object, java.lang.Object, java.lang.Object, java.lang.Object, java.lang.Object, java.lang.Object)'> (0x00000006299897c0) thrown at [./src/hotspot/share/interpreter/linkResolver.cpp, line 773]
Event: 0.844 Thread 0x0000022fe78f4000 Exception <a 'java/lang/NoSuchMethodError'{0x00000006299977c8}: 'java.lang.Object java.lang.invoke.DirectMethodHandle$Holder.invokeStatic(java.lang.Object, java.lang.Object, java.lang.Object, java.lang.Object, java.lang.Object, java.lang.Object, java.lang.Object, java.lang.Object, java.lang.Object, java.lang.Object, java.lang.Object, java.lang.Object, java.lang.Object, java.lang.Object, java.lang.Object, java.lang.Object)'> (0x00000006299977c8) thrown at [./src/hotspot/share/interpreter/linkResolver.cpp, l
Event: 0.845 Thread 0x0000022fe78f4000 Exception <a 'java/lang/NoSuchMethodError'{0x00000006299a56e0}: 'java.lang.Object java.lang.invoke.DirectMethodHandle$Holder.invokeSpecial(java.lang.Object, java.lang.Object, int, int, java.lang.Object, java.lang.Object, java.lang.Object)'> (0x00000006299a56e0) thrown at [./src/hotspot/share/interpreter/linkResolver.cpp, line 773]
Event: 0.845 Thread 0x0000022fe78f4000 Exception <a 'java/lang/NoSuchMethodError'{0x00000006299a8f18}: 'java.lang.Object java.lang.invoke.DelegatingMethodHandle$Holder.reinvoke_L(java.lang.Object, int, int, java.lang.Object, java.lang.Object, java.lang.Object)'> (0x00000006299a8f18) thrown at [./src/hotspot/share/interpreter/linkResolver.cpp, line 773]
Event: 0.845 Thread 0x0000022fe78f4000 Exception <a 'java/lang/NoSuchMethodError'{0x00000006299ad2a0}: 'java.lang.Object java.lang.invoke.DirectMethodHandle$Holder.invokeStatic(java.lang.Object, java.lang.Object, java.lang.Object, java.lang.Object, int)'> (0x00000006299ad2a0) thrown at [./src/hotspot/share/interpreter/linkResolver.cpp, line 773]
Event: 0.866 Thread 0x0000022fe78f4000 Exception <a 'java/lang/NoSuchMethodError'{0x00000006296d1ba0}: 'void java.lang.invoke.DirectMethodHandle$Holder.invokeStatic(java.lang.Object, java.lang.Object, java.lang.Object, java.lang.Object)'> (0x00000006296d1ba0) thrown at [./src/hotspot/share/interpreter/linkResolver.cpp, line 773]
Event: 0.900 Thread 0x0000022fe78f4000 Exception <a 'java/lang/NoSuchMethodError'{0x00000006292b3ac8}: 'void java.lang.invoke.DirectMethodHandle$Holder.invokeStaticInit(java.lang.Object, java.lang.Object)'> (0x00000006292b3ac8) thrown at [./src/hotspot/share/interpreter/linkResolver.cpp, line 773]
Event: 0.938 Thread 0x0000022fe78f4000 Exception <a 'java/lang/NoSuchMethodError'{0x0000000628edf420}: 'void java.lang.invoke.DirectMethodHandle$Holder.invokeVirtual(java.lang.Object, java.lang.Object)'> (0x0000000628edf420) thrown at [./src/hotspot/share/interpreter/linkResolver.cpp, line 773]
Event: 0.944 Thread 0x0000022fe78f4000 Exception <a 'java/lang/NoSuchMethodError'{0x0000000628f67400}: 'int java.lang.invoke.DirectMethodHandle$Holder.invokeVirtual(java.lang.Object, java.lang.Object)'> (0x0000000628f67400) thrown at [./src/hotspot/share/interpreter/linkResolver.cpp, line 773]
Event: 1.268 Thread 0x0000022fe78f4000 Exception <a 'java/lang/NoSuchMethodError'{0x0000000629f40898}: 'java.lang.Object java.lang.invoke.DirectMethodHandle$Holder.invokeVirtual(java.lang.Object, java.lang.Object, java.lang.Object)'> (0x0000000629f40898) thrown at [./src/hotspot/share/interpreter/linkResolver.cpp, line 773]
Event: 1.629 Thread 0x0000022fe78f4000 Exception <a 'java/lang/NoSuchMethodError'{0x000000062791b918}: 'java.lang.Object java.lang.invoke.DirectMethodHandle$Holder.invokeStatic(java.lang.Object, java.lang.Object, java.lang.Object, int)'> (0x000000062791b918) thrown at [./src/hotspot/share/interpreter/linkResolver.cpp, line 773]
Event: 1.629 Thread 0x0000022fe78f4000 Exception <a 'java/lang/NoSuchMethodError'{0x000000062791f588}: 'java.lang.Object java.lang.invoke.DirectMethodHandle$Holder.invokeSpecial(java.lang.Object, java.lang.Object, java.lang.Object, java.lang.Object, int)'> (0x000000062791f588) thrown at [./src/hotspot/share/interpreter/linkResolver.cpp, line 773]
Event: 1.629 Thread 0x0000022fe78f4000 Exception <a 'java/lang/NoSuchMethodError'{0x0000000627922898}: 'java.lang.Object java.lang.invoke.Invokers$Holder.linkToTargetMethod(java.lang.Object, java.lang.Object, int, java.lang.Object)'> (0x0000000627922898) thrown at [./src/hotspot/share/interpreter/linkResolver.cpp, line 773]

Events (20 events):
Event: 1.727 loading class org/jetbrains/kotlin/types/TypeConstructor
Event: 1.727 loading class org/jetbrains/kotlin/types/TypeConstructor done
Event: 1.727 loading class kotlin/jvm/functions/Function1
Event: 1.727 loading class kotlin/jvm/functions/Function1 done
Event: 1.727 loading class org/jetbrains/kotlin/utils/DFS$Neighbors
Event: 1.727 loading class org/jetbrains/kotlin/utils/DFS$Neighbors done
Event: 1.727 loading class org/jetbrains/kotlin/resolve/FindLoopsInSupertypes
Event: 1.727 loading class org/jetbrains/kotlin/resolve/FindLoopsInSupertypes done
Event: 1.727 loading class org/jetbrains/kotlin/utils/DFS$VisitedWithSet
Event: 1.727 loading class org/jetbrains/kotlin/utils/DFS$VisitedWithSet done
Event: 1.728 loading class org/jetbrains/kotlin/utils/DFS$Visited
Event: 1.728 loading class org/jetbrains/kotlin/utils/DFS$Visited done
Event: 1.728 loading class org/jetbrains/kotlin/resolve/FindLoopsInSupertypes$isReachable$1
Event: 1.728 loading class org/jetbrains/kotlin/resolve/FindLoopsInSupertypes$isReachable$1 done
Event: 1.728 loading class org/jetbrains/kotlin/utils/DFS$AbstractNodeHandler
Event: 1.728 loading class org/jetbrains/kotlin/utils/DFS$AbstractNodeHandler done
Event: 1.728 loading class org/jetbrains/kotlin/utils/DFS$NodeHandler
Event: 1.728 loading class org/jetbrains/kotlin/utils/DFS$NodeHandler done
Event: 1.728 loading class org/jetbrains/kotlin/utils/DFS
Event: 1.728 loading class org/jetbrains/kotlin/utils/DFS done


Dynamic libraries:
0x00007ff649330000 - 0x00007ff64933a000 	C:\Program Files\Android\Android Studio\jre\bin\java.exe
0x00007ffa07a90000 - 0x00007ffa07ca4000 	C:\WINDOWS\SYSTEM32\ntdll.dll
0x00007ff9dc920000 - 0x00007ff9dc937000 	C:\Program Files\Avast Software\Avast\aswhook.dll
0x00007ffa07340000 - 0x00007ffa07403000 	C:\WINDOWS\System32\KERNEL32.DLL
0x00007ffa05500000 - 0x00007ffa0589c000 	C:\WINDOWS\System32\KERNELBASE.dll
0x00007ffa050e0000 - 0x00007ffa051f1000 	C:\WINDOWS\System32\ucrtbase.dll
0x00007ff9fe380000 - 0x00007ff9fe397000 	C:\Program Files\Android\Android Studio\jre\bin\VCRUNTIME140.dll
0x00007ff9fe3a0000 - 0x00007ff9fe3b9000 	C:\Program Files\Android\Android Studio\jre\bin\jli.dll
0x00007ffa06fa0000 - 0x00007ffa0714d000 	C:\WINDOWS\System32\USER32.dll
0x00007ff9e2d80000 - 0x00007ff9e300e000 	C:\WINDOWS\WinSxS\amd64_microsoft.windows.common-controls_6595b64144ccf1df_6.0.22621.608_none_a9444ca7c10bb01d\COMCTL32.dll
0x00007ffa050b0000 - 0x00007ffa050d6000 	C:\WINDOWS\System32\win32u.dll
0x00007ffa05a40000 - 0x00007ffa05ae7000 	C:\WINDOWS\System32\msvcrt.dll
0x00007ffa06030000 - 0x00007ffa06059000 	C:\WINDOWS\System32\GDI32.dll
0x00007ffa052a0000 - 0x00007ffa053b2000 	C:\WINDOWS\System32\gdi32full.dll
0x00007ffa05200000 - 0x00007ffa0529a000 	C:\WINDOWS\System32\msvcp_win.dll
0x00007ffa071b0000 - 0x00007ffa071e2000 	C:\WINDOWS\System32\IMM32.DLL
0x00007ff9e58e0000 - 0x00007ff9e597d000 	C:\Program Files\Android\Android Studio\jre\bin\msvcp140.dll
0x00007ff94ee60000 - 0x00007ff94f945000 	C:\Program Files\Android\Android Studio\jre\bin\server\jvm.dll
0x00007ffa07610000 - 0x00007ffa076be000 	C:\WINDOWS\System32\ADVAPI32.dll
0x00007ffa05af0000 - 0x00007ffa05b94000 	C:\WINDOWS\System32\sechost.dll
0x00007ffa071f0000 - 0x00007ffa07305000 	C:\WINDOWS\System32\RPCRT4.dll
0x00007ffa076d0000 - 0x00007ffa076d8000 	C:\WINDOWS\System32\PSAPI.DLL
0x00007ff9edff0000 - 0x00007ff9edff9000 	C:\WINDOWS\SYSTEM32\WSOCK32.dll
0x00007ff9fde50000 - 0x00007ff9fde5a000 	C:\WINDOWS\SYSTEM32\VERSION.dll
0x00007ff9fd330000 - 0x00007ff9fd364000 	C:\WINDOWS\SYSTEM32\WINMM.dll
0x00007ffa07590000 - 0x00007ffa07601000 	C:\WINDOWS\System32\WS2_32.dll
0x00007ffa03ee0000 - 0x00007ffa03ef8000 	C:\WINDOWS\SYSTEM32\kernel.appcore.dll
0x00007ff9fe300000 - 0x00007ff9fe311000 	C:\Program Files\Android\Android Studio\jre\bin\verify.dll
0x00007ff9f7940000 - 0x00007ff9f7b6e000 	C:\WINDOWS\SYSTEM32\DBGHELP.DLL
0x00007ffa05ba0000 - 0x00007ffa05f2a000 	C:\WINDOWS\System32\combase.dll
0x00007ffa078e0000 - 0x00007ffa079b7000 	C:\WINDOWS\System32\OLEAUT32.dll
0x00007ff9f5f60000 - 0x00007ff9f5f92000 	C:\WINDOWS\SYSTEM32\dbgcore.DLL
0x00007ffa05480000 - 0x00007ffa054fb000 	C:\WINDOWS\System32\bcryptPrimitives.dll
0x00007ff9f0f00000 - 0x00007ff9f0f29000 	C:\Program Files\Android\Android Studio\jre\bin\java.dll
0x00007ff9fe2f0000 - 0x00007ff9fe2fb000 	C:\Program Files\Android\Android Studio\jre\bin\jimage.dll
0x00007ff9f0e40000 - 0x00007ff9f0e58000 	C:\Program Files\Android\Android Studio\jre\bin\zip.dll
0x00007ffa06160000 - 0x00007ffa0694f000 	C:\WINDOWS\System32\SHELL32.dll
0x00007ffa02e70000 - 0x00007ffa03738000 	C:\WINDOWS\SYSTEM32\windows.storage.dll
0x00007ffa02d30000 - 0x00007ffa02e6e000 	C:\WINDOWS\SYSTEM32\wintypes.dll
0x00007ffa05f30000 - 0x00007ffa06021000 	C:\WINDOWS\System32\SHCORE.dll
0x00007ffa07410000 - 0x00007ffa0746e000 	C:\WINDOWS\System32\shlwapi.dll
0x00007ffa04e00000 - 0x00007ffa04e21000 	C:\WINDOWS\SYSTEM32\profapi.dll
0x00007ff9f0680000 - 0x00007ff9f069a000 	C:\Program Files\Android\Android Studio\jre\bin\net.dll
0x00007ff9fd020000 - 0x00007ff9fd14f000 	C:\WINDOWS\SYSTEM32\WINHTTP.dll
0x00007ffa04340000 - 0x00007ffa043a9000 	C:\WINDOWS\system32\mswsock.dll
0x00007ff9f0620000 - 0x00007ff9f0634000 	C:\Program Files\Android\Android Studio\jre\bin\nio.dll

dbghelp: loaded successfully - version: 4.0.5 - missing functions: none
symbol engine: initialized successfully - sym options: 0x614 - pdb path: .;C:\Program Files\Android\Android Studio\jre\bin;C:\WINDOWS\SYSTEM32;C:\Program Files\Avast Software\Avast;C:\WINDOWS\WinSxS\amd64_microsoft.windows.common-controls_6595b64144ccf1df_6.0.22621.608_none_a9444ca7c10bb01d;C:\Program Files\Android\Android Studio\jre\bin\server

VM Arguments:
java_command: org.jetbrains.kotlin.cli.jvm.K2JVMCompiler @D:\americo\AndroidStudioProjects\APPDEV.COM22\Operations\app\build\20230227_11415421669774785840.compiler.options
java_class_path (initial): C:\Users\americo\.gradle\caches\modules-2\files-2.1\org.jetbrains.kotlin\kotlin-compiler-embeddable\1.7.10\909803167c98606fcf22b4c848647c68e351d48d\kotlin-compiler-embeddable-1.7.10.jar;C:\Users\americo\.gradle\caches\modules-2\files-2.1\org.jetbrains.kotlin\kotlin-reflect\1.7.10\165e600dfea6185cf5efa700756294cc4904dbeb\kotlin-reflect-1.7.10.jar;C:\Users\americo\.gradle\caches\modules-2\files-2.1\org.jetbrains.kotlin\kotlin-stdlib\1.7.10\d2abf9e77736acc4450dc4a3f707fa2c10f5099d\kotlin-stdlib-1.7.10.jar;C:\Users\americo\.gradle\caches\modules-2\files-2.1\org.jetbrains.kotlin\kotlin-script-runtime\1.7.10\c99c87a6988d8fd8d5142e9ed5c9f34a7cf561ee\kotlin-script-runtime-1.7.10.jar;C:\Users\americo\.gradle\caches\modules-2\files-2.1\org.jetbrains.kotlin\kotlin-daemon-embeddable\1.7.10\3a9f7aef7080d3ae63126cbba4f827ed664f32fa\kotlin-daemon-embeddable-1.7.10.jar;C:\Users\americo\.gradle\caches\modules-2\files-2.1\org.jetbrains.intellij.deps\trove4j\1.0.20200330\3afb14d5f9ceb459d724e907a21145e8ff394f02\trove4j-1.0.20200330.jar;C:\Users\americo\.gradle\caches\modules-2\files-2.1\net.java.dev.jna\jna\5.6.0\330f2244e9030119ab3030fc3fededc86713d9cc\jna-5.6.0.jar;C:\Users\americo\.gradle\caches\modules-2\files-2.1\org.jetbrains.kotlin\kotlin-stdlib-common\1.7.10\bac80c520d0a9e3f3673bc2658c6ed02ef45a76a\kotlin-stdlib-common-1.7.10.jar;C:\Users\americo\.gradle\caches\modules-2\files-2.1\org.jetbrains\annotations\13.0\919f0dfe192fb4e063e7dacadee7f8bb9a2672a9\annotations-13.0.jar
Launcher Type: SUN_STANDARD

[Global flags]
     intx CICompilerCount                          = 4                                         {product} {ergonomic}
     uint ConcGCThreads                            = 3                                         {product} {ergonomic}
     uint G1ConcRefinementThreads                  = 10                                        {product} {ergonomic}
   size_t G1HeapRegionSize                         = 2097152                                   {product} {ergonomic}
    uintx GCDrainStackTargetSize                   = 64                                        {product} {ergonomic}
   size_t InitialHeapSize                          = 526385152                                 {product} {ergonomic}
   size_t MarkStackSize                            = 4194304                                   {product} {ergonomic}
   size_t MaxHeapSize                              = 8403288064                                {product} {ergonomic}
   size_t MaxNewSize                               = 5041553408                                {product} {ergonomic}
   size_t MinHeapDeltaBytes                        = 2097152                                   {product} {ergonomic}
    uintx NonNMethodCodeHeapSize                   = 5836300                                {pd product} {ergonomic}
    uintx NonProfiledCodeHeapSize                  = 122910970                              {pd product} {ergonomic}
    uintx ProfiledCodeHeapSize                     = 122910970                              {pd product} {ergonomic}
    uintx ReservedCodeCacheSize                    = 251658240                              {pd product} {ergonomic}
     bool SegmentedCodeCache                       = true                                      {product} {ergonomic}
     bool UseCompressedClassPointers               = true                                 {lp64_product} {ergonomic}
     bool UseCompressedOops                        = true                                 {lp64_product} {ergonomic}
     bool UseG1GC                                  = true                                      {product} {ergonomic}
     bool UseLargePagesIndividualAllocation        = false                                  {pd product} {ergonomic}

Logging:
Log output configuration:
 #0: stdout all=warning uptime,level,tags
 #1: stderr all=off uptime,level,tags

Environment Variables:
PATH=C:\Program Files (x86)\VMware\VMware Player\bin\;C:\Program Files (x86)\Common Files\Oracle\Java\javapath;C:\WINDOWS\system32;C:\WINDOWS;C:\WINDOWS\System32\Wbem;C:\WINDOWS\System32\WindowsPowerShell\v1.0\;C:\WINDOWS\System32\OpenSSH\;C:\Program Files\Microsoft VS Code\bin;C:\Program Files\Microsoft SQL Server\130\Tools\Binn\;C:\Program Files\Microsoft SQL Server\Client SDK\ODBC\170\Tools\Binn\;C:\Program Files\PuTTY\;D:\wamp64\bin\php\php7.4.0;c:\utils;C:\Program Files (x86)\AOMEI Backupper;C:\Program Files (x86)\Microsoft SQL Server\100\Tools\Binn\;C:\Program Files (x86)\Microsoft SQL Server\100\DTS\Binn\;C:\Program Files (x86)\Microsoft SQL Server\80\Tools\Binn\;C:\ProgramData\ComposerSetup\bin;C:\lib\Android\Sdk\platform-tools;C:\Program Files\dotnet\;C:\Program Files\MiKTeX\miktex\bin\x64\;C:\lib\gradle\gradle-7.0\bin;C:\Program Files\Git\cmd;C:\Program Files\nodejs\;C:\Program Files\Portugal;C:\Program Files\IDM Computer Solutions\UltraEdit;C:\Program Files\Portugal Identity Card\;C:\WINDOWS\system32\config\systemprofile\AppData\Local\Microsoft\WindowsApps;C:\WINDOWS\system32;C:\WINDOWS;C:\WINDOWS\System32\Wbem;C:\WINDOWS\System32\WindowsPowerShell\v1.0\;C:\WINDOWS\System32\OpenSSH\;C:\Program Files\Calibre2\;C:\bin\Strawberry\c\bin;C:\bin\Strawberry\perl\site\bin;C:\bin\Strawberry\perl\bin;C:\lib\Python\Python310\Scripts\;C:\lib\Python\Python310\;C:\Program Files (x86)\VMware\VMware Player\bin\;C:\Program Files\Python39\Scripts\;C:\Program Files\Python39\;C:\Program Files (x86)\Common Files\Oracle\Java\javapath;C:\WINDOWS\system32;C:\WINDOWS;C:\WINDOWS\System32\Wbem;C:\WINDOWS\System32\WindowsPowerShell\v1.0\;C:\WINDOWS\System32\OpenSSH\;C:\Program Files\Microsoft VS Code\bin;C:\Program Files\Microsoft SQL Server\130\Tools\Binn\;C:\Program Files\Microsoft SQL Server\Client SDK\ODBC\170\Tools\Binn\;C:\Program Files\PuTTY\;D:\wamp64\bin\php\php7.4.0;c:\utils;C:\Program Files (x86)\AOMEI Backupper;C:\Program Files (x86)\Microsoft SQL Server\100\Tools\Binn\;C:\
USERNAME=americo
OS=Windows_NT
PROCESSOR_IDENTIFIER=AMD64 Family 25 Model 80 Stepping 0, AuthenticAMD



---------------  S Y S T E M  ---------------

OS: Windows 10 , 64 bit Build 22621 (10.0.22621.1194)
OS uptime: 2 days 15:07 hours
Hyper-V role detected

CPU:total 12 (initial active 12) (12 cores per cpu, 2 threads per core) family 25 model 80 stepping 0 microcode 0x0, cmov, cx8, fxsr, mmx, sse, sse2, sse3, ssse3, sse4.1, sse4.2, popcnt, avx, avx2, aes, clmul, erms, mmxext, 3dnowpref, lzcnt, sse4a, ht, tsc, tscinvbit, tscinv, bmi1, bmi2, adx, sha, fma

Memory: 4k page, system-wide physical 32049M (7578M free)
TotalPageFile size 32049M (AvailPageFile size 5M)
current process WorkingSet (physical memory assigned to process): 260M, peak: 260M
current process commit charge ("private bytes"): 720M, peak: 822M

vm_info: OpenJDK 64-Bit Server VM (11.0.12+7-b1504.28-7817840) for windows-amd64 JRE (11.0.12+7-b1504.28-7817840), built on Oct 13 2021 22:12:33 by "builder" with MS VC++ 14.0 (VS2015)

END.
